Arguments: 
  E:\新建文件夹\bauduyun\Nodejs\node.exe E:\新建文件夹\bauduyun\Yarn\bin\yarn.js add app1.css

PATH: 
  E:\新建文件夹\bauduyun\Cmder\vendor\git-for-windows\mingw64\bin;E:\新建文件夹\bauduyun\Cmder\vendor\git-for-windows\usr\bin;C:\Users\lenovo\bin;E:\新建文件夹\bauduyun\JDK\bin;C:\P;ogram Files (x86)\Common Files\Oracle\Java\javapath;C:\Program Files\Java\jdk1.8.0_211\bin;C:\Windows\system32;C:\Windows;C:\Windows\System32\Wbem;C:\Windows\System32\WindowsPowerShell\v1.0;C:\Windows\System32\OpenSSH;C:\Program Files\NVIDIA Corporation\NVIDIA NvDLISR;C:\Program Files (x86)\NVIDIA Corporation\PhysX\Common;C:\Program Files\MySQL\MySQL Server 8.0\bin;E:\新建文件夹\bauduyun\Nodejs;E:\新建文件夹\bauduyun\Yarn\bin;E:\新建文件夹\bauduyun\JDK02\jdk-17\bin;E:\新建文件夹\bauduyun\Microsoft VS Code\bin;C:\Users\lenovo\AppData\Local\Microsoft\WindowsApps;E:\新建文件夹\bauduyun\Microsoft VS Code\bin;C:\Users\lenovo\AppData\Roaming\npm;C:\Users\lenovo\AppData\Local\Yarn\bin;E:\新建文件夹\bauduyun\Yarn\bin

Yarn version: 
  1.22.5

Node version: 
  14.17.6

Platform: 
  win32 x64

Trace: 
  Error: http://registry.npm.taobao.org/app1.css: Not found
      at Request.params.callback [as _callback] (E:\新建文件夹\bauduyun\Yarn\lib\cli.js:66097:18)
      at Request.self.callback (E:\新建文件夹\bauduyun\Yarn\lib\cli.js:140749:22)
      at Request.emit (events.js:400:28)
      at Request.<anonymous> (E:\新建文件夹\bauduyun\Yarn\lib\cli.js:141721:10)
      at Request.emit (events.js:400:28)
      at IncomingMessage.<anonymous> (E:\新建文件夹\bauduyun\Yarn\lib\cli.js:141643:12)
      at Object.onceWrapper (events.js:519:28)
      at IncomingMessage.emit (events.js:412:35)
      at endReadableNT (internal/streams/readable.js:1317:12)
      at processTicksAndRejections (internal/process/task_queues.js:82:21)

npm manifest: 
  {
    "name": "1",
    "version": "1.0.0",
    "main": "index.js",
    "repository": "git@github.com:467708971/shijiayu.github.io.git",
    "author": "467708971 <467708971@qq.com>",
    "license": "MIT",
    "dependencies": {
      "jquery": "^3.6.0"
    }
  }

yarn manifest: 
  No manifest

Lockfile: 
  # THIS IS AN AUTOGENERATED FILE. DO NOT EDIT THIS FILE DIRECTLY.
  # yarn lockfile v1
  
  
  jquery@^3.6.0:
    version "3.6.0"
    resolved "https://registry.nlark.com/jquery/download/jquery-3.6.0.tgz#c72a09f15c1bdce142f49dbf1170bdf8adac2470"
    integrity sha1-xyoJ8Vwb3OFC9J2/EXC9+K2sJHA=
